#
# A fatal error has been detected by the Java Runtime Environment:
#
#  EXCEPTION_ACCESS_VIOLATION (0xc0000005) at pc=0x00007ffa241cfd0c, pid=10048, tid=0x00000000000026b0
#
# JRE version: Java(TM) SE Runtime Environment (8.0_131-b11) (build 1.8.0_131-b11)
# Java VM: Java HotSpot(TM) 64-Bit Server VM (25.131-b11 mixed mode windows-amd64 compressed oops)
# Problematic frame:
# C  [d3d9.dll+0xfd0c]
#
# Failed to write core dump. Minidumps are not enabled by default on client versions of Windows
#
# If you would like to submit a bug report, please visit:
#   http://bugreport.java.com/bugreport/crash.jsp
# The crash happened outside the Java Virtual Machine in native code.
# See problematic frame for where to report the bug.
#

---------------  T H R E A D  ---------------

Current thread (0x000000001de38000):  JavaThread "AWT-Windows" daemon [_thread_in_native, id=9904, stack(0x000000001e3e0000,0x000000001e4e0000)]

siginfo: ExceptionCode=0xc0000005, writing address 0x0000000000000000

Registers:
RAX=0x0000000000000000, RBX=0x000000001e4ddb50, RCX=0x000000002398acc0, RDX=0x000000001e4de360
RSP=0x000000001e4ddaa8, RBP=0x000000001e4dde40, RSI=0x0000000000000001, RDI=0x0000000023983000
R8 =0x0000000000000000, R9 =0x0000000000000000, R10=0x000000002398badc, R11=0x0000000000000246
R12=0x0000000000000002, R13=0x000000001e4de360, R14=0x0000000000000000, R15=0x0000000000000000
RIP=0x00007ffa241cfd0c, EFLAGS=0x0000000000010246

Top of Stack: (sp=0x000000001e4ddaa8)
0x000000001e4ddaa8:   00007ffa241d167f 000000001e4ddb08
0x000000001e4ddab8:   000000001e4ddb10 0000000000000824
0x000000001e4ddac8:   0000000000010003 0000000000000000
0x000000001e4ddad8:   0000000023983000 0000000000000000
0x000000001e4ddae8:   00007ffa241e76a6 0000000000000000
0x000000001e4ddaf8:   0000000000000000 0000000000000001
0x000000001e4ddb08:   0000000000000001 0000000000000000
0x000000001e4ddb18:   0000000000000000 0000000000005c88
0x000000001e4ddb28:   0000000000005c90 0000000000000000
0x000000001e4ddb38:   000000001e4ddb88 0000000000000000
0x000000001e4ddb48:   000000000000001a 0000000000000000
0x000000001e4ddb58:   0000000000000000 00000000207c4100
0x000000001e4ddb68:   000000002398acc0 0000000000000000
0x000000001e4ddb78:   0000000000c8ed18 0000000000000000
0x000000001e4ddb88:   0000000000000003 0000000000000000
0x000000001e4ddb98:   0000000000000000 0000078000000048 

Instructions: (pc=0x00007ffa241cfd0c)
0x00007ffa241cfcec:   e9 10 fe ff ff cc cc cc cc cc cc cc cc cc cc cc
0x00007ffa241cfcfc:   cc cc cc cc ff 25 00 00 00 00 30 96 01 80 01 00
0x00007ffa241cfd0c:   00 00 5c 24 20 55 56 57 41 54 41 55 41 56 41 57
0x00007ffa241cfd1c:   48 8d 6c 24 c0 48 81 ec 40 01 00 00 48 8b 05 a9 


Register to memory mapping:

RAX=0x0000000000000000 is an unknown value
RBX=0x000000001e4ddb50 is pointing into the stack for thread: 0x000000001de38000
RCX=0x000000002398acc0 is an unknown value
RDX=0x000000001e4de360 is pointing into the stack for thread: 0x000000001de38000
RSP=0x000000001e4ddaa8 is pointing into the stack for thread: 0x000000001de38000
RBP=0x000000001e4dde40 is pointing into the stack for thread: 0x000000001de38000
RSI=0x0000000000000001 is an unknown value
RDI=0x0000000023983000 is an unknown value
R8 =0x0000000000000000 is an unknown value
R9 =0x0000000000000000 is an unknown value
R10=0x000000002398badc is an unknown value
R11=0x0000000000000246 is an unknown value
R12=0x0000000000000002 is an unknown value
R13=0x000000001e4de360 is pointing into the stack for thread: 0x000000001de38000
R14=0x0000000000000000 is an unknown value
R15=0x0000000000000000 is an unknown value


Stack: [0x000000001e3e0000,0x000000001e4e0000],  sp=0x000000001e4ddaa8,  free space=1014k
Native frames: (J=compiled Java code, j=interpreted, Vv=VM code, C=native code)
C  [d3d9.dll+0xfd0c]
C  [d3d9.dll+0x1167f]
C  [d3d9.dll+0x276a6]
C  [d3d9.dll+0x2cb68]
C  [d3d9.dll+0x2a81e]
C  [awt.dll+0x19e2d]
C  [awt.dll+0x19f8b]
C  [awt.dll+0x1a93f]
C  [awt.dll+0x1e4c5]
C  [awt.dll+0x1b609]
C  0x0000000002b27f74

Java frames: (J=compiled Java code, j=interpreted, Vv=VM code)
j  sun.java2d.d3d.D3DGraphicsDevice.getDeviceCapsNative(I)I+0
j  sun.java2d.d3d.D3DGraphicsDevice.access$000(I)I+1
j  sun.java2d.d3d.D3DGraphicsDevice$1.run()V+8
v  ~StubRoutines::call_stub
j  sun.awt.windows.WToolkit.eventLoop()V+0
j  sun.awt.windows.WToolkit.run()V+58
j  java.lang.Thread.run()V+11
v  ~StubRoutines::call_stub

---------------  P R O C E S S  ---------------

Java Threads: ( => current thread )
  0x0000000002a10800 JavaThread "DestroyJavaVM" [_thread_blocked, id=10084, stack(0x0000000002910000,0x0000000002a10000)]
  0x000000001fa18800 JavaThread "AWT-EventQueue-0" [_thread_in_native, id=9572, stack(0x00000000200e0000,0x00000000201e0000)]
  0x000000001fa14800 JavaThread "AWT-Shutdown" [_thread_blocked, id=9576, stack(0x000000001ffe0000,0x00000000200e0000)]
=>0x000000001de38000 JavaThread "AWT-Windows" daemon [_thread_in_native, id=9904, stack(0x000000001e3e0000,0x000000001e4e0000)]
  0x000000001de32800 JavaThread "Java2D Disposer" daemon [_thread_blocked, id=9588, stack(0x000000001e1e0000,0x000000001e2e0000)]
  0x000000001dacd000 JavaThread "Service Thread" daemon [_thread_blocked, id=9624, stack(0x000000001deb0000,0x000000001dfb0000)]
  0x000000001c1cc000 JavaThread "C1 CompilerThread2" daemon [_thread_blocked, id=6056, stack(0x000000001d9b0000,0x000000001dab0000)]
  0x000000001c1b1000 JavaThread "C2 CompilerThread1" daemon [_thread_blocked, id=3052, stack(0x000000001d8b0000,0x000000001d9b0000)]
  0x000000001c16c000 JavaThread "C2 CompilerThread0" daemon [_thread_blocked, id=7040, stack(0x000000001d7b0000,0x000000001d8b0000)]
  0x000000001c16a800 JavaThread "Attach Listener" daemon [_thread_blocked, id=11224, stack(0x000000001d6b0000,0x000000001d7b0000)]
  0x000000001c169000 JavaThread "Signal Dispatcher" daemon [_thread_blocked, id=10052, stack(0x000000001d5b0000,0x000000001d6b0000)]
  0x000000001c15a800 JavaThread "Finalizer" daemon [_thread_blocked, id=9740, stack(0x000000001d3c0000,0x000000001d4c0000)]
  0x0000000002aff000 JavaThread "Reference Handler" daemon [_thread_blocked, id=9812, stack(0x000000001d2c0000,0x000000001d3c0000)]

Other Threads:
  0x000000001c137800 VMThread [stack: 0x000000001d1c0000,0x000000001d2c0000] [id=10088]
  0x000000001dad1000 WatcherThread [stack: 0x000000001dfb0000,0x000000001e0b0000] [id=9616]

VM state:not at safepoint (normal execution)

VM Mutex/Monitor currently owned by a thread: None

Heap:
 PSYoungGen      total 76288K, used 20726K [0x000000076af00000, 0x0000000770400000, 0x00000007c0000000)
  eden space 65536K, 31% used [0x000000076af00000,0x000000076c33d8f0,0x000000076ef00000)
  from space 10752K, 0% used [0x000000076f980000,0x000000076f980000,0x0000000770400000)
  to   space 10752K, 0% used [0x000000076ef00000,0x000000076ef00000,0x000000076f980000)
 ParOldGen       total 175104K, used 0K [0x00000006c0c00000, 0x00000006cb700000, 0x000000076af00000)
  object space 175104K, 0% used [0x00000006c0c00000,0x00000006c0c00000,0x00000006cb700000)
 Metaspace       used 8833K, capacity 8996K, committed 9088K, reserved 1056768K
  class space    used 1042K, capacity 1122K, committed 1152K, reserved 1048576K

Card table byte_map: [0x0000000011ed0000,0x00000000126d0000] byte_map_base: 0x000000000e8ca000

Marking Bits: (ParMarkBitMap*) 0x0000000075ffc720
 Begin Bits: [0x0000000013030000, 0x0000000017000000)
 End Bits:   [0x0000000017000000, 0x000000001afd0000)

Polling page: 0x0000000001060000

CodeCache: size=245760Kb used=2125Kb max_used=2125Kb free=243634Kb
 bounds [0x0000000002b10000, 0x0000000002d80000, 0x0000000011b10000]
 total_blobs=921 nmethods=497 adapters=337
 compilation: enabled

Compilation events (10 events):
Event: 1.493 Thread 0x000000001c1cc000  493       3       sun.awt.image.ByteInterleavedRaster::putByteData (834 bytes)
Event: 1.494 Thread 0x000000001c1cc000 nmethod 493 0x0000000002d21990 code [0x0000000002d21c80, 0x0000000002d23408]
Event: 1.494 Thread 0x000000001c1cc000  494       3       sun.awt.image.SunWritableRaster::markDirty (8 bytes)
Event: 1.494 Thread 0x000000001c1cc000 nmethod 494 0x0000000002d19c10 code [0x0000000002d19d80, 0x0000000002d19fd0]
Event: 1.494 Thread 0x000000001c1cc000  495       3       sun.java2d.StateTrackableDelegate::markDirty (6 bytes)
Event: 1.495 Thread 0x000000001c1cc000 nmethod 495 0x0000000002d12a10 code [0x0000000002d12b60, 0x0000000002d12cd0]
Event: 1.495 Thread 0x000000001c1cc000  496  s    1       javax.imageio.ImageReader::abortRequested (5 bytes)
Event: 1.495 Thread 0x000000001c1cc000 nmethod 496 0x0000000002d197d0 code [0x0000000002d19920, 0x0000000002d19b90]
Event: 1.497 Thread 0x000000001c1cc000  497       1       java.lang.System::getSecurityManager (4 bytes)
Event: 1.498 Thread 0x000000001c1cc000 nmethod 497 0x0000000002d19310 code [0x0000000002d19460, 0x0000000002d19550]

GC Heap History (0 events):
No events

Deoptimization events (6 events):
Event: 0.466 Thread 0x0000000002a10800 Uncommon trap: reason=null_check action=make_not_entrant pc=0x0000000002c82b9c method=java.lang.String.equals(Ljava/lang/Object;)Z @ 8
Event: 1.206 Thread 0x0000000002a10800 Uncommon trap: reason=class_check action=maybe_recompile pc=0x0000000002c99218 method=java.lang.String.equals(Ljava/lang/Object;)Z @ 8
Event: 1.206 Thread 0x0000000002a10800 Uncommon trap: reason=class_check action=maybe_recompile pc=0x0000000002c99218 method=java.lang.String.equals(Ljava/lang/Object;)Z @ 8
Event: 1.206 Thread 0x0000000002a10800 Uncommon trap: reason=class_check action=maybe_recompile pc=0x0000000002c99218 method=java.lang.String.equals(Ljava/lang/Object;)Z @ 8
Event: 1.206 Thread 0x0000000002a10800 Uncommon trap: reason=class_check action=maybe_recompile pc=0x0000000002c99218 method=java.lang.String.equals(Ljava/lang/Object;)Z @ 8
Event: 1.470 Thread 0x0000000002a10800 Uncommon trap: reason=unstable_if action=reinterpret pc=0x0000000002cc9e68 method=sun.awt.image.ByteInterleavedRaster.putByteData(IIII[B)V @ 395

Internal exceptions (10 events):
Event: 0.062 Thread 0x0000000002a10800 Exception <a 'java/lang/NoSuchMethodError': Method sun.misc.Unsafe.prefetchRead(Ljava/lang/Object;J)V name or signature does not match> (0x000000076af07f90) thrown at [C:\re\workspace\8-2-build-windows-amd64-cygwin\jdk8u131\8869\hotspot\src\share\vm\prims
Event: 0.218 Thread 0x0000000002a10800 Exception <a 'java/security/PrivilegedActionException'> (0x000000076af84d48) thrown at [C:\re\workspace\8-2-build-windows-amd64-cygwin\jdk8u131\8869\hotspot\src\share\vm\prims\jvm.cpp, line 1390]
Event: 0.218 Thread 0x0000000002a10800 Exception <a 'java/security/PrivilegedActionException'> (0x000000076af84f58) thrown at [C:\re\workspace\8-2-build-windows-amd64-cygwin\jdk8u131\8869\hotspot\src\share\vm\prims\jvm.cpp, line 1390]
Event: 0.220 Thread 0x0000000002a10800 Exception <a 'java/security/PrivilegedActionException'> (0x000000076af88bc8) thrown at [C:\re\workspace\8-2-build-windows-amd64-cygwin\jdk8u131\8869\hotspot\src\share\vm\prims\jvm.cpp, line 1390]
Event: 0.220 Thread 0x0000000002a10800 Exception <a 'java/security/PrivilegedActionException'> (0x000000076af88dd8) thrown at [C:\re\workspace\8-2-build-windows-amd64-cygwin\jdk8u131\8869\hotspot\src\share\vm\prims\jvm.cpp, line 1390]
Event: 0.258 Thread 0x0000000002a10800 Exception <a 'java/io/FileNotFoundException'> (0x000000076af8b3a0) thrown at [C:\re\workspace\8-2-build-windows-amd64-cygwin\jdk8u131\8869\hotspot\src\share\vm\prims\jni.cpp, line 709]
Event: 0.297 Thread 0x0000000002a10800 Exception <a 'java/lang/NoSuchFieldError': method resolution failed> (0x000000076b1a02b0) thrown at [C:\re\workspace\8-2-build-windows-amd64-cygwin\jdk8u131\8869\hotspot\src\share\vm\prims\methodHandles.cpp, line 1146]
Event: 0.299 Thread 0x0000000002a10800 Exception <a 'java/lang/NoSuchFieldError': method resolution failed> (0x000000076b1ad680) thrown at [C:\re\workspace\8-2-build-windows-amd64-cygwin\jdk8u131\8869\hotspot\src\share\vm\prims\methodHandles.cpp, line 1146]
Event: 0.466 Thread 0x0000000002a10800 Implicit null exception at 0x0000000002c829a6 to 0x0000000002c82b8d
Event: 0.476 Thread 0x0000000002a10800 Exception <a 'java/io/FileNotFoundException'> (0x000000076b290048) thrown at [C:\re\workspace\8-2-build-windows-amd64-cygwin\jdk8u131\8869\hotspot\src\share\vm\prims\jni.cpp, line 709]

Events (10 events):
Event: 1.746 loading class sun/java2d/pipe/RenderQueue done
Event: 1.746 loading class sun/java2d/d3d/D3DRenderQueue done
Event: 1.747 loading class sun/java2d/pipe/RenderBuffer
Event: 1.747 loading class sun/java2d/pipe/RenderBuffer done
Event: 1.747 loading class sun/java2d/d3d/D3DRenderQueue$1
Event: 1.747 loading class sun/java2d/d3d/D3DRenderQueue$1 done
Event: 1.747 loading class sun/java2d/d3d/D3DGraphicsDevice$1Result
Event: 1.747 loading class sun/java2d/d3d/D3DGraphicsDevice$1Result done
Event: 1.747 loading class sun/java2d/d3d/D3DGraphicsDevice$1
Event: 1.747 loading class sun/java2d/d3d/D3DGraphicsDevice$1 done


Dynamic libraries:
0x00007ff7c6a90000 - 0x00007ff7c6ac7000 	C:\Program Files\Java\jre1.8.0_131\bin\javaw.exe
0x00007ffa516c0000 - 0x00007ffa5189b000 	C:\WINDOWS\SYSTEM32\ntdll.dll
0x00007ffa4f3b0000 - 0x00007ffa4f45e000 	C:\WINDOWS\System32\KERNEL32.DLL
0x00007ffa4dd90000 - 0x00007ffa4dfd9000 	C:\WINDOWS\System32\KERNELBASE.dll
0x00007ffa50df0000 - 0x00007ffa50e91000 	C:\WINDOWS\System32\ADVAPI32.dll
0x00007ffa51300000 - 0x00007ffa5139d000 	C:\WINDOWS\System32\msvcrt.dll
0x00007ffa4f2c0000 - 0x00007ffa4f319000 	C:\WINDOWS\System32\sechost.dll
0x00007ffa511a0000 - 0x00007ffa512c5000 	C:\WINDOWS\System32\RPCRT4.dll
0x00007ffa50a90000 - 0x00007ffa50bda000 	C:\WINDOWS\System32\USER32.dll
0x00007ffa4e130000 - 0x00007ffa4e14e000 	C:\WINDOWS\System32\win32u.dll
0x00007ffa4f320000 - 0x00007ffa4f347000 	C:\WINDOWS\System32\GDI32.dll
0x00007ffa4e320000 - 0x00007ffa4e4a9000 	C:\WINDOWS\System32\gdi32full.dll
0x00007ffa4dcf0000 - 0x00007ffa4dd8a000 	C:\WINDOWS\System32\msvcp_win.dll
0x00007ffa4dfe0000 - 0x00007ffa4e0d6000 	C:\WINDOWS\System32\ucrtbase.dll
0x00007ffa41eb0000 - 0x00007ffa42117000 	C:\WINDOWS\WinSxS\amd64_microsoft.windows.common-controls_6595b64144ccf1df_6.0.15063.0_none_108e4f62dfe5d999\COMCTL32.dll
0x00007ffa50ea0000 - 0x00007ffa51199000 	C:\WINDOWS\System32\combase.dll
0x00007ffa4ebb0000 - 0x00007ffa4ec1a000 	C:\WINDOWS\System32\bcryptPrimitives.dll
0x00007ffa512d0000 - 0x00007ffa512fd000 	C:\WINDOWS\System32\IMM32.DLL
0x00000000755d0000 - 0x00000000756a2000 	C:\Program Files\Java\jre1.8.0_131\bin\msvcr100.dll
0x00000000757e0000 - 0x000000007607c000 	C:\Program Files\Java\jre1.8.0_131\bin\server\jvm.dll
0x00007ffa4f2b0000 - 0x00007ffa4f2b8000 	C:\WINDOWS\System32\PSAPI.DLL
0x00007ffa2fbd0000 - 0x00007ffa2fbd9000 	C:\WINDOWS\SYSTEM32\WSOCK32.dll
0x00007ffa4f230000 - 0x00007ffa4f29c000 	C:\WINDOWS\System32\WS2_32.dll
0x00007ffa48df0000 - 0x00007ffa48dfa000 	C:\WINDOWS\SYSTEM32\VERSION.dll
0x00007ffa4bb50000 - 0x00007ffa4bb73000 	C:\WINDOWS\SYSTEM32\WINMM.dll
0x00007ffa4ba00000 - 0x00007ffa4ba2b000 	C:\WINDOWS\SYSTEM32\WINMMBASE.dll
0x00007ffa4e0e0000 - 0x00007ffa4e129000 	C:\WINDOWS\System32\cfgmgr32.dll
0x00000000757d0000 - 0x00000000757df000 	C:\Program Files\Java\jre1.8.0_131\bin\verify.dll
0x00000000757a0000 - 0x00000000757c9000 	C:\Program Files\Java\jre1.8.0_131\bin\java.dll
0x0000000075780000 - 0x0000000075796000 	C:\Program Files\Java\jre1.8.0_131\bin\zip.dll
0x00007ffa4f650000 - 0x00007ffa50a87000 	C:\WINDOWS\System32\SHELL32.dll
0x00007ffa51510000 - 0x00007ffa515ba000 	C:\WINDOWS\System32\shcore.dll
0x00007ffa4e4b0000 - 0x00007ffa4eba2000 	C:\WINDOWS\System32\windows.storage.dll
0x00007ffa4f350000 - 0x00007ffa4f3a1000 	C:\WINDOWS\System32\shlwapi.dll
0x00007ffa4db70000 - 0x00007ffa4db81000 	C:\WINDOWS\System32\kernel.appcore.dll
0x00007ffa4db90000 - 0x00007ffa4dbdc000 	C:\WINDOWS\System32\powrprof.dll
0x00007ffa4db50000 - 0x00007ffa4db65000 	C:\WINDOWS\System32\profapi.dll
0x0000000075430000 - 0x00000000755c8000 	C:\Program Files\Java\jre1.8.0_131\bin\awt.dll
0x00007ffa4ed30000 - 0x00007ffa4edef000 	C:\WINDOWS\System32\OLEAUT32.dll
0x00007ffa4c100000 - 0x00007ffa4c17e000 	C:\WINDOWS\SYSTEM32\apphelp.dll
0x00007ffa4c240000 - 0x00007ffa4c2d5000 	C:\WINDOWS\system32\uxtheme.dll
0x00007ffa513a0000 - 0x00007ffa51506000 	C:\WINDOWS\System32\MSCTF.dll
0x0000000180000000 - 0x0000000180037000 	C:\Program Files (x86)\RivaTuner Statistics Server\RTSSHooks64.dll
0x0000000076ec0000 - 0x0000000076f63000 	C:\WINDOWS\WinSxS\amd64_microsoft.vc90.crt_1fc8b3b9a1e18e3b_9.0.30729.9279_none_08e667efa83ba076\MSVCR90.dll
0x00007ffa4aca0000 - 0x00007ffa4acca000 	C:\WINDOWS\system32\dwmapi.dll
0x00007ffa4f500000 - 0x00007ffa4f644000 	C:\WINDOWS\System32\ole32.dll
0x00007ffa4d5e0000 - 0x00007ffa4d5f7000 	C:\WINDOWS\SYSTEM32\CRYPTSP.dll
0x00007ffa4d060000 - 0x00007ffa4d094000 	C:\WINDOWS\system32\rsaenh.dll
0x00007ffa4d6f0000 - 0x00007ffa4d715000 	C:\WINDOWS\SYSTEM32\bcrypt.dll
0x00007ffa4da60000 - 0x00007ffa4da89000 	C:\WINDOWS\SYSTEM32\USERENV.dll
0x00007ffa4d600000 - 0x00007ffa4d60b000 	C:\WINDOWS\SYSTEM32\CRYPTBASE.dll
0x0000000075760000 - 0x000000007577a000 	C:\Program Files\Java\jre1.8.0_131\bin\net.dll
0x00007ffa4d440000 - 0x00007ffa4d49c000 	C:\WINDOWS\system32\mswsock.dll
0x00007ffa4d1e0000 - 0x00007ffa4d217000 	C:\WINDOWS\SYSTEM32\IPHLPAPI.DLL
0x00007ffa4f2a0000 - 0x00007ffa4f2a8000 	C:\WINDOWS\System32\NSI.dll
0x00007ffa46b50000 - 0x00007ffa46b66000 	C:\WINDOWS\SYSTEM32\dhcpcsvc6.DLL
0x00007ffa46b30000 - 0x00007ffa46b4a000 	C:\WINDOWS\SYSTEM32\dhcpcsvc.DLL
0x0000000075740000 - 0x0000000075751000 	C:\Program Files\Java\jre1.8.0_131\bin\nio.dll
0x00000000753f0000 - 0x0000000075421000 	C:\Program Files\Java\jre1.8.0_131\bin\jpeg.dll
0x00000000753a0000 - 0x00000000753e7000 	C:\Program Files\Java\jre1.8.0_131\bin\fontmanager.dll
0x00007ffa22ac0000 - 0x00007ffa22be1000 	C:\WINDOWS\system32\opengl32.dll
0x00007ffa22fa0000 - 0x00007ffa22fcc000 	C:\WINDOWS\SYSTEM32\GLU32.dll
0x00007ffa241c0000 - 0x00007ffa24349000 	C:\WINDOWS\system32\d3d9.dll
0x00007ffa48e20000 - 0x00007ffa48fb5000 	C:\WINDOWS\System32\DriverStore\FileRepository\c0313248.inf_amd64_aad49543f8f714a1\aticfx64.dll
0x00007ffa22f60000 - 0x00007ffa22f92000 	C:\WINDOWS\System32\DriverStore\FileRepository\c0313248.inf_amd64_aad49543f8f714a1\atiu9p64.dll
0x00007ffa18bb0000 - 0x00007ffa194e6000 	C:\WINDOWS\System32\DriverStore\FileRepository\c0313248.inf_amd64_aad49543f8f714a1\atiumd64.dll
0x0000000076090000 - 0x0000000076eb7000 	C:\WINDOWS\System32\DriverStore\FileRepository\c0313248.inf_amd64_aad49543f8f714a1\atiumd6a.dll
0x00007ffa48070000 - 0x00007ffa48095000 	C:\WINDOWS\SYSTEM32\amdihk64.dll
0x000000001e300000 - 0x000000001e306000 	C:\WINDOWS\SYSTEM32\detoured.dll
0x00007ffa45820000 - 0x00007ffa458a2000 	C:\WINDOWS\System32\TextInputFramework.dll
0x00007ffa4ba30000 - 0x00007ffa4bb13000 	C:\WINDOWS\System32\CoreMessaging.dll
0x00007ffa49660000 - 0x00007ffa49932000 	C:\WINDOWS\System32\CoreUIComponents.dll
0x00007ffa4ce90000 - 0x00007ffa4cec1000 	C:\WINDOWS\SYSTEM32\ntmarta.dll
0x00007ffa4a1b0000 - 0x00007ffa4a2e9000 	C:\WINDOWS\SYSTEM32\wintypes.dll
0x00007ffa4a6d0000 - 0x00007ffa4a6e5000 	C:\WINDOWS\SYSTEM32\usermgrcli.dll
0x00007ffa324c0000 - 0x00007ffa32669000 	C:\WINDOWS\SYSTEM32\dbghelp.dll

VM Arguments:
jvm_args: -Dfile.encoding=Cp1252 
java_command: game.TowerDefense
java_class_path (initial): D:\workspace\Tower Defense\bin
Launcher Type: SUN_STANDARD

Environment Variables:
PATH=C:/Program Files/Java/jre1.8.0_131/bin/server;C:/Program Files/Java/jre1.8.0_131/bin;C:/Program Files/Java/jre1.8.0_131/lib/amd64;C:\Program Files (x86)\NVIDIA Corporation\PhysX\Common;C:\ProgramData\Oracle\Java\javapath;C:\WINDOWS\system32;C:\WINDOWS;C:\WINDOWS\System32\Wbem;C:\WINDOWS\System32\WindowsPowerShell\v1.0\;C:\Program Files\MATLAB\R2017a\runtime\win64;C:\Program Files\MATLAB\R2017a\bin;C:\Program Files (x86)\Windows Kits\10\Windows Performance Toolkit\;C:\Program Files\Microsoft SQL Server\Client SDK\ODBC\110\Tools\Binn\;C:\Program Files (x86)\Microsoft SQL Server\120\Tools\Binn\;C:\Program Files\Microsoft SQL Server\120\Tools\Binn\;C:\Program Files\Microsoft SQL Server\120\DTS\Binn\;C:\Program Files (x86)\Windows Kits\8.1\Windows Performance Toolkit\;C:\Users\BENNY FKIN RAY\AppData\Local\Microsoft\WindowsApps;;C:\Program Files (x86)\eclipse;
USERNAME=BENNY FKIN RAY
OS=Windows_NT
PROCESSOR_IDENTIFIER=Intel64 Family 6 Model 60 Stepping 3, GenuineIntel



---------------  S Y S T E M  ---------------

OS: Windows 10.0 , 64 bit Build 15063 (10.0.15063.0)

CPU:total 4 (initial active 4) (4 cores per cpu, 1 threads per core) family 6 model 60 stepping 3, cmov, cx8, fxsr, mmx, sse, sse2, sse3, ssse3, sse4.1, sse4.2, popcnt, avx, avx2, aes, clmul, erms, lzcnt, tsc, tscinvbit, bmi1, bmi2

Memory: 4k page, physical 16723628k(13107424k free), swap 19738284k(14534792k free)

vm_info: Java HotSpot(TM) 64-Bit Server VM (25.131-b11) for windows-amd64 JRE (1.8.0_131-b11), built on Mar 15 2017 01:23:53 by "java_re" with MS VC++ 10.0 (VS2010)

time: Fri Apr 21 23:10:54 2017
elapsed time: 1 seconds (0d 0h 0m 1s)

