#
# A fatal error has been detected by the Java Runtime Environment:
#
#  EXCEPTION_ACCESS_VIOLATION (0xc0000005) at pc=0x00007ffe117dfd0c, pid=9496, tid=0x00000000000002d8
#
# JRE version: Java(TM) SE Runtime Environment (8.0_121-b13) (build 1.8.0_121-b13)
# Java VM: Java HotSpot(TM) 64-Bit Server VM (25.121-b13 mixed mode windows-amd64 compressed oops)
# Problematic frame:
# C  [d3d9.dll+0xfd0c]
#
# Failed to write core dump. Minidumps are not enabled by default on client versions of Windows
#
# If you would like to submit a bug report, please visit:
#   http://bugreport.java.com/bugreport/crash.jsp
# The crash happened outside the Java Virtual Machine in native code.
# See problematic frame for where to report the bug.
#

---------------  T H R E A D  ---------------

Current thread (0x000000001e33b800):  JavaThread "AWT-Windows" daemon [_thread_in_native, id=728, stack(0x000000001f090000,0x000000001f190000)]

siginfo: ExceptionCode=0xc0000005, writing address 0x0000000000000000

Registers:
RAX=0x0000000000000000, RBX=0x000000001f18df40, RCX=0x0000000020b81940, RDX=0x000000001f18e750
RSP=0x000000001f18de98, RBP=0x000000001f18e230, RSI=0x0000000000000001, RDI=0x0000000020b7bca0
R8 =0x0000000000000000, R9 =0x0000000000000000, R10=0x0000000020b8275c, R11=0x0000000000000246
R12=0x0000000000000002, R13=0x000000001f18e750, R14=0x0000000000000000, R15=0x0000000000000000
RIP=0x00007ffe117dfd0c, EFLAGS=0x0000000000010246

Top of Stack: (sp=0x000000001f18de98)
0x000000001f18de98:   00007ffe117e167f 000000001f18def8
0x000000001f18dea8:   000000001f18df00 0000000000000d68
0x000000001f18deb8:   0000000000010003 0000000000000000
0x000000001f18dec8:   0000000020b7bca0 0000000000000000
0x000000001f18ded8:   00007ffe117f76a6 0000000000000000
0x000000001f18dee8:   0000000000000000 0000000000000001
0x000000001f18def8:   0000000000000001 0000000000000000
0x000000001f18df08:   0000000000000000 0000000000005c88
0x000000001f18df18:   0000000000005c90 0000000000000000
0x000000001f18df28:   000000001f18df78 0000000000000000
0x000000001f18df38:   000000000000001a 0000000000000000
0x000000001f18df48:   0000000000000000 0000000020ac8160
0x000000001f18df58:   0000000020b81940 0000000000000000
0x000000001f18df68:   000000000109bc98 0000000000000000
0x000000001f18df78:   0000000000000003 0000000000000000
0x000000001f18df88:   0000000000000000 0000078000000048 

Instructions: (pc=0x00007ffe117dfd0c)
0x00007ffe117dfcec:   e9 10 fe ff ff cc cc cc cc cc cc cc cc cc cc cc
0x00007ffe117dfcfc:   cc cc cc cc ff 25 00 00 00 00 30 96 01 80 01 00
0x00007ffe117dfd0c:   00 00 5c 24 20 55 56 57 41 54 41 55 41 56 41 57
0x00007ffe117dfd1c:   48 8d 6c 24 c0 48 81 ec 40 01 00 00 48 8b 05 a9 


Register to memory mapping:

RAX=0x0000000000000000 is an unknown value
RBX=0x000000001f18df40 is pointing into the stack for thread: 0x000000001e33b800
RCX=0x0000000020b81940 is an unknown value
RDX=0x000000001f18e750 is pointing into the stack for thread: 0x000000001e33b800
RSP=0x000000001f18de98 is pointing into the stack for thread: 0x000000001e33b800
RBP=0x000000001f18e230 is pointing into the stack for thread: 0x000000001e33b800
RSI=0x0000000000000001 is an unknown value
RDI=0x0000000020b7bca0 is an unknown value
R8 =0x0000000000000000 is an unknown value
R9 =0x0000000000000000 is an unknown value
R10=0x0000000020b8275c is an unknown value
R11=0x0000000000000246 is an unknown value
R12=0x0000000000000002 is an unknown value
R13=0x000000001f18e750 is pointing into the stack for thread: 0x000000001e33b800
R14=0x0000000000000000 is an unknown value
R15=0x0000000000000000 is an unknown value


Stack: [0x000000001f090000,0x000000001f190000],  sp=0x000000001f18de98,  free space=1015k
Native frames: (J=compiled Java code, j=interpreted, Vv=VM code, C=native code)
C  [d3d9.dll+0xfd0c]
C  [d3d9.dll+0x1167f]
C  [d3d9.dll+0x276a6]
C  [d3d9.dll+0x2cb68]
C  [d3d9.dll+0x2a81e]
C  [awt.dll+0x19e3d]
C  [awt.dll+0x19f9b]
C  [awt.dll+0x1a94f]
C  [awt.dll+0x1e505]
C  [awt.dll+0x1b619]
C  0x0000000002fc7f74

Java frames: (J=compiled Java code, j=interpreted, Vv=VM code)
j  sun.java2d.d3d.D3DGraphicsDevice.getDeviceCapsNative(I)I+0
j  sun.java2d.d3d.D3DGraphicsDevice.access$000(I)I+1
j  sun.java2d.d3d.D3DGraphicsDevice$1.run()V+8
v  ~StubRoutines::call_stub
j  sun.awt.windows.WToolkit.eventLoop()V+0
j  sun.awt.windows.WToolkit.run()V+58
j  java.lang.Thread.run()V+11
v  ~StubRoutines::call_stub

---------------  P R O C E S S  ---------------

Java Threads: ( => current thread )
  0x0000000002eb0800 JavaThread "DestroyJavaVM" [_thread_blocked, id=7308, stack(0x0000000002d40000,0x0000000002e40000)]
  0x000000001e8fa000 JavaThread "AWT-EventQueue-0" [_thread_in_native, id=9100, stack(0x00000000204a0000,0x00000000205a0000)]
=>0x000000001e33b800 JavaThread "AWT-Windows" daemon [_thread_in_native, id=728, stack(0x000000001f090000,0x000000001f190000)]
  0x000000001e337800 JavaThread "AWT-Shutdown" [_thread_blocked, id=7868, stack(0x000000001ef90000,0x000000001f090000)]
  0x000000001e6d2800 JavaThread "Java2D Disposer" daemon [_thread_blocked, id=820, stack(0x000000001ee90000,0x000000001ef90000)]
  0x000000001dfa0800 JavaThread "Service Thread" daemon [_thread_blocked, id=8704, stack(0x000000001e360000,0x000000001e460000)]
  0x000000001c661800 JavaThread "C1 CompilerThread2" daemon [_thread_blocked, id=1992, stack(0x000000001de60000,0x000000001df60000)]
  0x000000001c619800 JavaThread "C2 CompilerThread1" daemon [_thread_blocked, id=4716, stack(0x000000001dd60000,0x000000001de60000)]
  0x000000001c60d800 JavaThread "C2 CompilerThread0" daemon [_thread_blocked, id=10024, stack(0x000000001dc60000,0x000000001dd60000)]
  0x000000001c60b800 JavaThread "Attach Listener" daemon [_thread_blocked, id=2808, stack(0x000000001db60000,0x000000001dc60000)]
  0x000000001c60a800 JavaThread "Signal Dispatcher" daemon [_thread_blocked, id=1964, stack(0x000000001da60000,0x000000001db60000)]
  0x000000001c5fa000 JavaThread "Finalizer" daemon [_thread_blocked, id=8304, stack(0x000000001d870000,0x000000001d970000)]
  0x0000000002f9f000 JavaThread "Reference Handler" daemon [_thread_blocked, id=3016, stack(0x000000001d770000,0x000000001d870000)]

Other Threads:
  0x000000001c5d8000 VMThread [stack: 0x000000001d670000,0x000000001d770000] [id=4052]
  0x000000001c66e800 WatcherThread [stack: 0x000000001e460000,0x000000001e560000] [id=1140]

VM state:not at safepoint (normal execution)

VM Mutex/Monitor currently owned by a thread: None

Heap:
 PSYoungGen      total 76288K, used 19407K [0x000000076af00000, 0x0000000770400000, 0x00000007c0000000)
  eden space 65536K, 29% used [0x000000076af00000,0x000000076c1f3ca8,0x000000076ef00000)
  from space 10752K, 0% used [0x000000076f980000,0x000000076f980000,0x0000000770400000)
  to   space 10752K, 0% used [0x000000076ef00000,0x000000076ef00000,0x000000076f980000)
 ParOldGen       total 175104K, used 0K [0x00000006c0c00000, 0x00000006cb700000, 0x000000076af00000)
  object space 175104K, 0% used [0x00000006c0c00000,0x00000006c0c00000,0x00000006cb700000)
 Metaspace       used 8840K, capacity 9056K, committed 9088K, reserved 1056768K
  class space    used 1035K, capacity 1122K, committed 1152K, reserved 1048576K

Card table byte_map: [0x0000000012370000,0x0000000012b70000] byte_map_base: 0x000000000ed6a000

Marking Bits: (ParMarkBitMap*) 0x00000000683cb6d0
 Begin Bits: [0x00000000134d0000, 0x00000000174a0000)
 End Bits:   [0x00000000174a0000, 0x000000001b470000)

Polling page: 0x0000000001480000

CodeCache: size=245760Kb used=2139Kb max_used=2139Kb free=243620Kb
 bounds [0x0000000002fb0000, 0x0000000003220000, 0x0000000011fb0000]
 total_blobs=929 nmethods=505 adapters=337
 compilation: enabled

Compilation events (10 events):
Event: 1.257 Thread 0x000000001c661800  501  s    3       java.io.BufferedInputStream::read (113 bytes)
Event: 1.257 Thread 0x000000001c661800 nmethod 501 0x00000000031c5710 code [0x00000000031c58e0, 0x00000000031c6218]
Event: 1.257 Thread 0x000000001c661800  503       3       sun.java2d.StateTrackableDelegate::markDirty (6 bytes)
Event: 1.257 Thread 0x000000001c661800 nmethod 503 0x00000000031b5fd0 code [0x00000000031b6120, 0x00000000031b6290]
Event: 1.257 Thread 0x000000001c661800  502       3       sun.awt.image.SunWritableRaster::markDirty (8 bytes)
Event: 1.257 Thread 0x000000001c661800 nmethod 502 0x00000000031c6590 code [0x00000000031c6700, 0x00000000031c6950]
Event: 1.257 Thread 0x000000001c661800  504  s    1       javax.imageio.ImageReader::abortRequested (5 bytes)
Event: 1.258 Thread 0x000000001c661800 nmethod 504 0x00000000031c6a10 code [0x00000000031c6b60, 0x00000000031c6dd0]
Event: 1.267 Thread 0x000000001c661800  505       1       java.lang.System::getSecurityManager (4 bytes)
Event: 1.267 Thread 0x000000001c661800 nmethod 505 0x00000000031c6e50 code [0x00000000031c6fa0, 0x00000000031c7090]

GC Heap History (0 events):
No events

Deoptimization events (5 events):
Event: 1.133 Thread 0x0000000002eb0800 Uncommon trap: reason=class_check action=maybe_recompile pc=0x000000000312ab58 method=java.lang.String.equals(Ljava/lang/Object;)Z @ 8
Event: 1.133 Thread 0x0000000002eb0800 Uncommon trap: reason=class_check action=maybe_recompile pc=0x000000000312ab58 method=java.lang.String.equals(Ljava/lang/Object;)Z @ 8
Event: 1.133 Thread 0x0000000002eb0800 Uncommon trap: reason=class_check action=maybe_recompile pc=0x000000000312ab58 method=java.lang.String.equals(Ljava/lang/Object;)Z @ 8
Event: 1.133 Thread 0x0000000002eb0800 Uncommon trap: reason=class_check action=maybe_recompile pc=0x000000000312ab58 method=java.lang.String.equals(Ljava/lang/Object;)Z @ 8
Event: 1.237 Thread 0x0000000002eb0800 Uncommon trap: reason=unstable_if action=reinterpret pc=0x0000000003171768 method=sun.awt.image.ByteInterleavedRaster.putByteData(IIII[B)V @ 395

Internal exceptions (10 events):
Event: 0.047 Thread 0x0000000002eb0800 Exception <a 'java/lang/NoSuchMethodError': Method sun.misc.Unsafe.defineClass(Ljava/lang/String;[BII)Ljava/lang/Class; name or signature does not match> (0x000000076af07ca8) thrown at [C:\re\workspace\8-2-build-windows-amd64-cygwin\jdk8u121\8372\hotspot\
Event: 0.047 Thread 0x0000000002eb0800 Exception <a 'java/lang/NoSuchMethodError': Method sun.misc.Unsafe.prefetchRead(Ljava/lang/Object;J)V name or signature does not match> (0x000000076af07f90) thrown at [C:\re\workspace\8-2-build-windows-amd64-cygwin\jdk8u121\8372\hotspot\src\share\vm\prims
Event: 0.225 Thread 0x0000000002eb0800 Exception <a 'java/security/PrivilegedActionException'> (0x000000076af8a9c8) thrown at [C:\re\workspace\8-2-build-windows-amd64-cygwin\jdk8u121\8372\hotspot\src\share\vm\prims\jvm.cpp, line 1390]
Event: 0.225 Thread 0x0000000002eb0800 Exception <a 'java/security/PrivilegedActionException'> (0x000000076af8abd8) thrown at [C:\re\workspace\8-2-build-windows-amd64-cygwin\jdk8u121\8372\hotspot\src\share\vm\prims\jvm.cpp, line 1390]
Event: 0.226 Thread 0x0000000002eb0800 Exception <a 'java/security/PrivilegedActionException'> (0x000000076af8e848) thrown at [C:\re\workspace\8-2-build-windows-amd64-cygwin\jdk8u121\8372\hotspot\src\share\vm\prims\jvm.cpp, line 1390]
Event: 0.226 Thread 0x0000000002eb0800 Exception <a 'java/security/PrivilegedActionException'> (0x000000076af8ea58) thrown at [C:\re\workspace\8-2-build-windows-amd64-cygwin\jdk8u121\8372\hotspot\src\share\vm\prims\jvm.cpp, line 1390]
Event: 0.235 Thread 0x0000000002eb0800 Exception <a 'java/io/FileNotFoundException'> (0x000000076af91068) thrown at [C:\re\workspace\8-2-build-windows-amd64-cygwin\jdk8u121\8372\hotspot\src\share\vm\prims\jni.cpp, line 709]
Event: 0.280 Thread 0x0000000002eb0800 Exception <a 'java/lang/NoSuchFieldError': method resolution failed> (0x000000076b1a6298) thrown at [C:\re\workspace\8-2-build-windows-amd64-cygwin\jdk8u121\8372\hotspot\src\share\vm\prims\methodHandles.cpp, line 1146]
Event: 0.282 Thread 0x0000000002eb0800 Exception <a 'java/lang/NoSuchFieldError': method resolution failed> (0x000000076b1b3668) thrown at [C:\re\workspace\8-2-build-windows-amd64-cygwin\jdk8u121\8372\hotspot\src\share\vm\prims\methodHandles.cpp, line 1146]
Event: 0.479 Thread 0x0000000002eb0800 Exception <a 'java/io/FileNotFoundException'> (0x000000076b296030) thrown at [C:\re\workspace\8-2-build-windows-amd64-cygwin\jdk8u121\8372\hotspot\src\share\vm\prims\jni.cpp, line 709]

Events (10 events):
Event: 1.566 loading class sun/java2d/pipe/RenderQueue done
Event: 1.566 loading class sun/java2d/d3d/D3DRenderQueue done
Event: 1.566 loading class sun/java2d/pipe/RenderBuffer
Event: 1.567 loading class sun/java2d/pipe/RenderBuffer done
Event: 1.567 loading class sun/java2d/d3d/D3DRenderQueue$1
Event: 1.567 loading class sun/java2d/d3d/D3DRenderQueue$1 done
Event: 1.567 loading class sun/java2d/d3d/D3DGraphicsDevice$1Result
Event: 1.567 loading class sun/java2d/d3d/D3DGraphicsDevice$1Result done
Event: 1.567 loading class sun/java2d/d3d/D3DGraphicsDevice$1
Event: 1.567 loading class sun/java2d/d3d/D3DGraphicsDevice$1 done


Dynamic libraries:
0x00007ff770f50000 - 0x00007ff770f87000 	C:\Program Files\Java\jre1.8.0_121\bin\javaw.exe
0x00007ffe45120000 - 0x00007ffe452fb000 	C:\WINDOWS\SYSTEM32\ntdll.dll
0x00007ffe42980000 - 0x00007ffe42a2e000 	C:\WINDOWS\System32\KERNEL32.DLL
0x00007ffe41720000 - 0x00007ffe41969000 	C:\WINDOWS\System32\KERNELBASE.dll
0x00007ffe42680000 - 0x00007ffe42721000 	C:\WINDOWS\System32\ADVAPI32.dll
0x00007ffe43110000 - 0x00007ffe431ad000 	C:\WINDOWS\System32\msvcrt.dll
0x00007ffe44d60000 - 0x00007ffe44db9000 	C:\WINDOWS\System32\sechost.dll
0x00007ffe44c00000 - 0x00007ffe44d25000 	C:\WINDOWS\System32\RPCRT4.dll
0x00007ffe44f50000 - 0x00007ffe4509a000 	C:\WINDOWS\System32\USER32.dll
0x00007ffe41690000 - 0x00007ffe416ae000 	C:\WINDOWS\System32\win32u.dll
0x00007ffe430e0000 - 0x00007ffe43107000 	C:\WINDOWS\System32\GDI32.dll
0x00007ffe42270000 - 0x00007ffe423f9000 	C:\WINDOWS\System32\gdi32full.dll
0x00007ffe42170000 - 0x00007ffe4220a000 	C:\WINDOWS\System32\msvcp_win.dll
0x00007ffe42070000 - 0x00007ffe42166000 	C:\WINDOWS\System32\ucrtbase.dll
0x00007ffe2cb90000 - 0x00007ffe2cdf7000 	C:\WINDOWS\WinSxS\amd64_microsoft.windows.common-controls_6595b64144ccf1df_6.0.15063.0_none_108e4f62dfe5d999\COMCTL32.dll
0x00007ffe42bd0000 - 0x00007ffe42ec9000 	C:\WINDOWS\System32\combase.dll
0x00007ffe416b0000 - 0x00007ffe4171a000 	C:\WINDOWS\System32\bcryptPrimitives.dll
0x00007ffe44d30000 - 0x00007ffe44d5d000 	C:\WINDOWS\System32\IMM32.DLL
0x00000000679f0000 - 0x0000000067ac2000 	C:\Program Files\Java\jre1.8.0_121\bin\msvcr100.dll
0x0000000067bb0000 - 0x000000006844b000 	C:\Program Files\Java\jre1.8.0_121\bin\server\jvm.dll
0x00007ffe42bc0000 - 0x00007ffe42bc8000 	C:\WINDOWS\System32\PSAPI.DLL
0x00007ffe3d890000 - 0x00007ffe3d8b3000 	C:\WINDOWS\SYSTEM32\WINMM.dll
0x00007ffe29bf0000 - 0x00007ffe29bf9000 	C:\WINDOWS\SYSTEM32\WSOCK32.dll
0x00007ffe450a0000 - 0x00007ffe4510c000 	C:\WINDOWS\System32\WS2_32.dll
0x00007ffe3d880000 - 0x00007ffe3d88a000 	C:\WINDOWS\SYSTEM32\VERSION.dll
0x00007ffe3d850000 - 0x00007ffe3d87b000 	C:\WINDOWS\SYSTEM32\WINMMBASE.dll
0x00007ffe41640000 - 0x00007ffe41689000 	C:\WINDOWS\System32\cfgmgr32.dll
0x0000000067ba0000 - 0x0000000067baf000 	C:\Program Files\Java\jre1.8.0_121\bin\verify.dll
0x0000000067b70000 - 0x0000000067b99000 	C:\Program Files\Java\jre1.8.0_121\bin\java.dll
0x0000000067b50000 - 0x0000000067b66000 	C:\Program Files\Java\jre1.8.0_121\bin\zip.dll
0x00007ffe43760000 - 0x00007ffe44b97000 	C:\WINDOWS\System32\SHELL32.dll
0x00007ffe428d0000 - 0x00007ffe4297a000 	C:\WINDOWS\System32\shcore.dll
0x00007ffe41970000 - 0x00007ffe42062000 	C:\WINDOWS\System32\windows.storage.dll
0x00007ffe42a90000 - 0x00007ffe42ae1000 	C:\WINDOWS\System32\shlwapi.dll
0x00007ffe41600000 - 0x00007ffe41611000 	C:\WINDOWS\System32\kernel.appcore.dll
0x00007ffe415b0000 - 0x00007ffe415fc000 	C:\WINDOWS\System32\powrprof.dll
0x00007ffe41590000 - 0x00007ffe415a5000 	C:\WINDOWS\System32\profapi.dll
0x0000000067850000 - 0x00000000679e8000 	C:\Program Files\Java\jre1.8.0_121\bin\awt.dll
0x00007ffe42af0000 - 0x00007ffe42baf000 	C:\WINDOWS\System32\OLEAUT32.dll
0x00007ffe3fd40000 - 0x00007ffe3fdbe000 	C:\WINDOWS\SYSTEM32\apphelp.dll
0x00007ffe40060000 - 0x00007ffe400f5000 	C:\WINDOWS\system32\uxtheme.dll
0x00007ffe435f0000 - 0x00007ffe43756000 	C:\WINDOWS\System32\MSCTF.dll
0x0000000180000000 - 0x0000000180037000 	C:\Program Files (x86)\RivaTuner Statistics Server\RTSSHooks64.dll
0x0000000069930000 - 0x00000000699d3000 	C:\WINDOWS\WinSxS\amd64_microsoft.vc90.crt_1fc8b3b9a1e18e3b_9.0.30729.9279_none_08e667efa83ba076\MSVCR90.dll
0x00007ffe3e920000 - 0x00007ffe3e94a000 	C:\WINDOWS\system32\dwmapi.dll
0x00007ffe42f90000 - 0x00007ffe430d4000 	C:\WINDOWS\System32\ole32.dll
0x00007ffe41050000 - 0x00007ffe41067000 	C:\WINDOWS\SYSTEM32\CRYPTSP.dll
0x00007ffe40ac0000 - 0x00007ffe40af4000 	C:\WINDOWS\system32\rsaenh.dll
0x00007ffe41150000 - 0x00007ffe41175000 	C:\WINDOWS\SYSTEM32\bcrypt.dll
0x00007ffe414c0000 - 0x00007ffe414e9000 	C:\WINDOWS\SYSTEM32\USERENV.dll
0x00007ffe41040000 - 0x00007ffe4104b000 	C:\WINDOWS\SYSTEM32\CRYPTBASE.dll
0x0000000067b30000 - 0x0000000067b4a000 	C:\Program Files\Java\jre1.8.0_121\bin\net.dll
0x00007ffe40ea0000 - 0x00007ffe40efc000 	C:\WINDOWS\system32\mswsock.dll
0x00007ffe40c40000 - 0x00007ffe40c77000 	C:\WINDOWS\SYSTEM32\IPHLPAPI.DLL
0x00007ffe42bb0000 - 0x00007ffe42bb8000 	C:\WINDOWS\System32\NSI.dll
0x00007ffe392e0000 - 0x00007ffe392f6000 	C:\WINDOWS\SYSTEM32\dhcpcsvc6.DLL
0x00007ffe392c0000 - 0x00007ffe392da000 	C:\WINDOWS\SYSTEM32\dhcpcsvc.DLL
0x0000000067b10000 - 0x0000000067b21000 	C:\Program Files\Java\jre1.8.0_121\bin\nio.dll
0x0000000067810000 - 0x0000000067841000 	C:\Program Files\Java\jre1.8.0_121\bin\jpeg.dll
0x00000000677c0000 - 0x0000000067807000 	C:\Program Files\Java\jre1.8.0_121\bin\fontmanager.dll
0x00007ffe1b530000 - 0x00007ffe1b651000 	C:\WINDOWS\system32\opengl32.dll
0x00007ffe1f930000 - 0x00007ffe1f95c000 	C:\WINDOWS\SYSTEM32\GLU32.dll
0x00007ffe117d0000 - 0x00007ffe11959000 	C:\WINDOWS\system32\d3d9.dll
0x00007ffe3d8c0000 - 0x00007ffe3da55000 	C:\WINDOWS\System32\DriverStore\FileRepository\c0313248.inf_amd64_aad49543f8f714a1\aticfx64.dll
0x00007ffe3c280000 - 0x00007ffe3c2b2000 	C:\WINDOWS\System32\DriverStore\FileRepository\c0313248.inf_amd64_aad49543f8f714a1\atiu9p64.dll
0x00007ffe0bc70000 - 0x00007ffe0c5a6000 	C:\WINDOWS\System32\DriverStore\FileRepository\c0313248.inf_amd64_aad49543f8f714a1\atiumd64.dll
0x0000000068450000 - 0x0000000069277000 	C:\WINDOWS\System32\DriverStore\FileRepository\c0313248.inf_amd64_aad49543f8f714a1\atiumd6a.dll
0x00007ffe3cc20000 - 0x00007ffe3cc45000 	C:\WINDOWS\SYSTEM32\amdihk64.dll
0x0000000002e60000 - 0x0000000002e66000 	C:\WINDOWS\SYSTEM32\detoured.dll
0x00007ffe27380000 - 0x00007ffe27402000 	C:\WINDOWS\System32\TextInputFramework.dll
0x00007ffe3e390000 - 0x00007ffe3e662000 	C:\WINDOWS\System32\CoreUIComponents.dll
0x00007ffe3f780000 - 0x00007ffe3f863000 	C:\WINDOWS\System32\CoreMessaging.dll
0x00007ffe408f0000 - 0x00007ffe40921000 	C:\WINDOWS\SYSTEM32\ntmarta.dll
0x00007ffe3e230000 - 0x00007ffe3e369000 	C:\WINDOWS\SYSTEM32\wintypes.dll
0x00007ffe3e370000 - 0x00007ffe3e385000 	C:\WINDOWS\SYSTEM32\usermgrcli.dll
0x00007ffe3c740000 - 0x00007ffe3c8e9000 	C:\WINDOWS\SYSTEM32\dbghelp.dll

VM Arguments:
jvm_args: -Dfile.encoding=Cp1252 
java_command: game.TowerDefense
java_class_path (initial): D:\workspace\Tower Defense\bin
Launcher Type: SUN_STANDARD

Environment Variables:
PATH=C:/Program Files/Java/jre1.8.0_121/bin/server;C:/Program Files/Java/jre1.8.0_121/bin;C:/Program Files/Java/jre1.8.0_121/lib/amd64;C:\Program Files (x86)\NVIDIA Corporation\PhysX\Common;C:\ProgramData\Oracle\Java\javapath;C:\WINDOWS\system32;C:\WINDOWS;C:\WINDOWS\System32\Wbem;C:\WINDOWS\System32\WindowsPowerShell\v1.0\;C:\Program Files\MATLAB\R2017a\runtime\win64;C:\Program Files\MATLAB\R2017a\bin;C:\Program Files (x86)\Windows Kits\10\Windows Performance Toolkit\;C:\Program Files\Microsoft SQL Server\Client SDK\ODBC\110\Tools\Binn\;C:\Program Files (x86)\Microsoft SQL Server\120\Tools\Binn\;C:\Program Files\Microsoft SQL Server\120\Tools\Binn\;C:\Program Files\Microsoft SQL Server\120\DTS\Binn\;C:\Program Files (x86)\Windows Kits\8.1\Windows Performance Toolkit\;C:\Users\BENNY FKIN RAY\AppData\Local\Microsoft\WindowsApps;;C:\Program Files (x86)\eclipse;
USERNAME=BENNY FKIN RAY
OS=Windows_NT
PROCESSOR_IDENTIFIER=Intel64 Family 6 Model 60 Stepping 3, GenuineIntel



---------------  S Y S T E M  ---------------

OS: Windows 10.0 , 64 bit Build 15063 (10.0.15063.0)

CPU:total 4 (4 cores per cpu, 1 threads per core) family 6 model 60 stepping 3, cmov, cx8, fxsr, mmx, sse, sse2, sse3, ssse3, sse4.1, sse4.2, popcnt, avx, avx2, aes, clmul, erms, lzcnt, tsc, tscinvbit, bmi1, bmi2

Memory: 4k page, physical 16723628k(11312504k free), swap 19738284k(13070956k free)

vm_info: Java HotSpot(TM) 64-Bit Server VM (25.121-b13) for windows-amd64 JRE (1.8.0_121-b13), built on Dec 12 2016 18:21:36 by "java_re" with MS VC++ 10.0 (VS2010)

time: Fri Apr 21 21:02:04 2017
elapsed time: 1 seconds (0d 0h 0m 1s)

