#
# A fatal error has been detected by the Java Runtime Environment:
#
#  EXCEPTION_ACCESS_VIOLATION (0xc0000005) at pc=0x00007ffe117dfd0c, pid=6984, tid=0x000000000000075c
#
# JRE version: Java(TM) SE Runtime Environment (8.0_131-b11) (build 1.8.0_131-b11)
# Java VM: Java HotSpot(TM) 64-Bit Server VM (25.131-b11 mixed mode windows-amd64 compressed oops)
# Problematic frame:
# C  [d3d9.dll+0xfd0c]
#
# Failed to write core dump. Minidumps are not enabled by default on client versions of Windows
#
# If you would like to submit a bug report, please visit:
#   http://bugreport.java.com/bugreport/crash.jsp
# The crash happened outside the Java Virtual Machine in native code.
# See problematic frame for where to report the bug.
#

---------------  T H R E A D  ---------------

Current thread (0x000000001d6dd000):  JavaThread "AWT-Windows" daemon [_thread_in_native, id=1884, stack(0x000000001dc80000,0x000000001dd80000)]

siginfo: ExceptionCode=0xc0000005, writing address 0x0000000000000000

Registers:
RAX=0x0000000000000000, RBX=0x000000001dd7dd20, RCX=0x00000000231f0060, RDX=0x000000001dd7e530
RSP=0x000000001dd7dc78, RBP=0x000000001dd7e010, RSI=0x0000000000000001, RDI=0x0000000020037d00
R8 =0x0000000000000000, R9 =0x0000000000000000, R10=0x00000000231f0e7c, R11=0x0000000000000246
R12=0x0000000000000002, R13=0x000000001dd7e530, R14=0x0000000000000000, R15=0x0000000000000000
RIP=0x00007ffe117dfd0c, EFLAGS=0x0000000000010246

Top of Stack: (sp=0x000000001dd7dc78)
0x000000001dd7dc78:   00007ffe117e167f 000000001dd7dcd8
0x000000001dd7dc88:   000000001dd7dce0 00000000000008a0
0x000000001dd7dc98:   0000000000010003 0000000000000000
0x000000001dd7dca8:   0000000020037d00 0000000000000000
0x000000001dd7dcb8:   00007ffe117f76a6 0000000000000000
0x000000001dd7dcc8:   0000000000000000 0000000000000001
0x000000001dd7dcd8:   0000000000000001 0000000000000000
0x000000001dd7dce8:   0000000000000000 0000000000005c88
0x000000001dd7dcf8:   0000000000005c90 0000000000000000
0x000000001dd7dd08:   000000001dd7dd58 0000000000000000
0x000000001dd7dd18:   000000000000001a 0000000000000000
0x000000001dd7dd28:   0000000000000000 000000002002ef60
0x000000001dd7dd38:   00000000231f0060 0000000000000000
0x000000001dd7dd48:   0000000000627898 0000000000000000
0x000000001dd7dd58:   0000000000000003 0000000000000000
0x000000001dd7dd68:   0000000000000000 0000078000000048 

Instructions: (pc=0x00007ffe117dfd0c)
0x00007ffe117dfcec:   e9 10 fe ff ff cc cc cc cc cc cc cc cc cc cc cc
0x00007ffe117dfcfc:   cc cc cc cc ff 25 00 00 00 00 30 96 01 80 01 00
0x00007ffe117dfd0c:   00 00 5c 24 20 55 56 57 41 54 41 55 41 56 41 57
0x00007ffe117dfd1c:   48 8d 6c 24 c0 48 81 ec 40 01 00 00 48 8b 05 a9 


Register to memory mapping:

RAX=0x0000000000000000 is an unknown value
RBX=0x000000001dd7dd20 is pointing into the stack for thread: 0x000000001d6dd000
RCX=0x00000000231f0060 is an unknown value
RDX=0x000000001dd7e530 is pointing into the stack for thread: 0x000000001d6dd000
RSP=0x000000001dd7dc78 is pointing into the stack for thread: 0x000000001d6dd000
RBP=0x000000001dd7e010 is pointing into the stack for thread: 0x000000001d6dd000
RSI=0x0000000000000001 is an unknown value
RDI=0x0000000020037d00 is an unknown value
R8 =0x0000000000000000 is an unknown value
R9 =0x0000000000000000 is an unknown value
R10=0x00000000231f0e7c is an unknown value
R11=0x0000000000000246 is an unknown value
R12=0x0000000000000002 is an unknown value
R13=0x000000001dd7e530 is pointing into the stack for thread: 0x000000001d6dd000
R14=0x0000000000000000 is an unknown value
R15=0x0000000000000000 is an unknown value


Stack: [0x000000001dc80000,0x000000001dd80000],  sp=0x000000001dd7dc78,  free space=1015k
Native frames: (J=compiled Java code, j=interpreted, Vv=VM code, C=native code)
C  [d3d9.dll+0xfd0c]
C  [d3d9.dll+0x1167f]
C  [d3d9.dll+0x276a6]
C  [d3d9.dll+0x2cb68]
C  [d3d9.dll+0x2a81e]
C  [awt.dll+0x19e2d]
C  [awt.dll+0x19f8b]
C  [awt.dll+0x1a93f]
C  [awt.dll+0x1e4c5]
C  [awt.dll+0x1b609]
C  0x0000000002377f74

Java frames: (J=compiled Java code, j=interpreted, Vv=VM code)
j  sun.java2d.d3d.D3DGraphicsDevice.getDeviceCapsNative(I)I+0
j  sun.java2d.d3d.D3DGraphicsDevice.access$000(I)I+1
j  sun.java2d.d3d.D3DGraphicsDevice$1.run()V+8
v  ~StubRoutines::call_stub
j  sun.awt.windows.WToolkit.eventLoop()V+0
j  sun.awt.windows.WToolkit.run()V+58
j  java.lang.Thread.run()V+11
v  ~StubRoutines::call_stub

---------------  P R O C E S S  ---------------

Java Threads: ( => current thread )
  0x0000000002260800 JavaThread "DestroyJavaVM" [_thread_blocked, id=104, stack(0x0000000002130000,0x0000000002230000)]
  0x000000001d715000 JavaThread "AWT-EventQueue-0" [_thread_in_native, id=9556, stack(0x000000001f960000,0x000000001fa60000)]
=>0x000000001d6dd000 JavaThread "AWT-Windows" daemon [_thread_in_native, id=1884, stack(0x000000001dc80000,0x000000001dd80000)]
  0x000000001d6d9000 JavaThread "AWT-Shutdown" [_thread_blocked, id=1172, stack(0x000000001db80000,0x000000001dc80000)]
  0x000000001d6d7800 JavaThread "Java2D Disposer" daemon [_thread_blocked, id=7532, stack(0x000000001da80000,0x000000001db80000)]
  0x000000001d355000 JavaThread "Service Thread" daemon [_thread_blocked, id=3360, stack(0x000000001d750000,0x000000001d850000)]
  0x000000001ba6c000 JavaThread "C1 CompilerThread2" daemon [_thread_blocked, id=2312, stack(0x000000001d250000,0x000000001d350000)]
  0x000000001ba66000 JavaThread "C2 CompilerThread1" daemon [_thread_blocked, id=8704, stack(0x000000001d150000,0x000000001d250000)]
  0x000000001ba0c800 JavaThread "C2 CompilerThread0" daemon [_thread_blocked, id=6704, stack(0x000000001d050000,0x000000001d150000)]
  0x000000001ba0a800 JavaThread "Attach Listener" daemon [_thread_blocked, id=7588, stack(0x000000001cf50000,0x000000001d050000)]
  0x000000001ba09800 JavaThread "Signal Dispatcher" daemon [_thread_blocked, id=9784, stack(0x000000001ce50000,0x000000001cf50000)]
  0x000000001b9fa000 JavaThread "Finalizer" daemon [_thread_blocked, id=616, stack(0x000000001cc60000,0x000000001cd60000)]
  0x000000000234f000 JavaThread "Reference Handler" daemon [_thread_blocked, id=6228, stack(0x000000001cb60000,0x000000001cc60000)]

Other Threads:
  0x000000001b9d8000 VMThread [stack: 0x000000001ca60000,0x000000001cb60000] [id=9492]
  0x000000001d360800 WatcherThread [stack: 0x000000001d850000,0x000000001d950000] [id=5872]

VM state:not at safepoint (normal execution)

VM Mutex/Monitor currently owned by a thread: None

Heap:
 PSYoungGen      total 76288K, used 19429K [0x000000076af00000, 0x0000000770400000, 0x00000007c0000000)
  eden space 65536K, 29% used [0x000000076af00000,0x000000076c1f9568,0x000000076ef00000)
  from space 10752K, 0% used [0x000000076f980000,0x000000076f980000,0x0000000770400000)
  to   space 10752K, 0% used [0x000000076ef00000,0x000000076ef00000,0x000000076f980000)
 ParOldGen       total 175104K, used 0K [0x00000006c0c00000, 0x00000006cb700000, 0x000000076af00000)
  object space 175104K, 0% used [0x00000006c0c00000,0x00000006c0c00000,0x00000006cb700000)
 Metaspace       used 8837K, capacity 9044K, committed 9088K, reserved 1056768K
  class space    used 1037K, capacity 1122K, committed 1152K, reserved 1048576K

Card table byte_map: [0x0000000011720000,0x0000000011f20000] byte_map_base: 0x000000000e11a000

Marking Bits: (ParMarkBitMap*) 0x00000000683cc720
 Begin Bits: [0x0000000012880000, 0x0000000016850000)
 End Bits:   [0x0000000016850000, 0x000000001a820000)

Polling page: 0x0000000000520000

CodeCache: size=245760Kb used=2159Kb max_used=2159Kb free=243600Kb
 bounds [0x0000000002360000, 0x00000000025d0000, 0x0000000011360000]
 total_blobs=930 nmethods=506 adapters=337
 compilation: enabled

Compilation events (10 events):
Event: 1.069 Thread 0x000000001ba6c000  500       3       javax.imageio.stream.ImageInputStreamImpl::checkClosed (18 bytes)
Event: 1.070 Thread 0x000000001ba6c000 nmethod 500 0x0000000002575fd0 code [0x0000000002576140, 0x0000000002576388]
Event: 1.070 Thread 0x000000001ba6c000  501       3       java.io.RandomAccessFile::write (8 bytes)
Event: 1.070 Thread 0x000000001ba6c000 nmethod 501 0x0000000002575890 code [0x0000000002575a00, 0x0000000002575b88]
Event: 1.070 Thread 0x000000001ba6c000  503  s    3       java.io.BufferedInputStream::read (113 bytes)
Event: 1.070 Thread 0x000000001ba6c000 nmethod 503 0x0000000002574650 code [0x0000000002574820, 0x0000000002575158]
Event: 1.071 Thread 0x000000001ba6c000  505  s    1       javax.imageio.ImageReader::abortRequested (5 bytes)
Event: 1.071 Thread 0x000000001ba6c000 nmethod 505 0x0000000002574210 code [0x0000000002574360, 0x00000000025745d0]
Event: 1.080 Thread 0x000000001ba6c000  506       1       java.lang.System::getSecurityManager (4 bytes)
Event: 1.080 Thread 0x000000001ba6c000 nmethod 506 0x0000000002573d90 code [0x0000000002573ee0, 0x0000000002573fd0]

GC Heap History (0 events):
No events

Deoptimization events (6 events):
Event: 0.582 Thread 0x0000000002260800 Uncommon trap: reason=null_check action=make_not_entrant pc=0x00000000024e08dc method=java.lang.String.equals(Ljava/lang/Object;)Z @ 8
Event: 1.041 Thread 0x0000000002260800 Uncommon trap: reason=class_check action=maybe_recompile pc=0x00000000024f3998 method=java.lang.String.equals(Ljava/lang/Object;)Z @ 8
Event: 1.041 Thread 0x0000000002260800 Uncommon trap: reason=class_check action=maybe_recompile pc=0x00000000024f3998 method=java.lang.String.equals(Ljava/lang/Object;)Z @ 8
Event: 1.041 Thread 0x0000000002260800 Uncommon trap: reason=class_check action=maybe_recompile pc=0x00000000024f3998 method=java.lang.String.equals(Ljava/lang/Object;)Z @ 8
Event: 1.041 Thread 0x0000000002260800 Uncommon trap: reason=class_check action=maybe_recompile pc=0x00000000024f3998 method=java.lang.String.equals(Ljava/lang/Object;)Z @ 8
Event: 1.063 Thread 0x0000000002260800 Uncommon trap: reason=unstable_if action=reinterpret pc=0x0000000002527768 method=sun.awt.image.ByteInterleavedRaster.putByteData(IIII[B)V @ 395

Internal exceptions (10 events):
Event: 0.058 Thread 0x0000000002260800 Exception <a 'java/lang/NoSuchMethodError': Method sun.misc.Unsafe.prefetchRead(Ljava/lang/Object;J)V name or signature does not match> (0x000000076af07f90) thrown at [C:\re\workspace\8-2-build-windows-amd64-cygwin\jdk8u131\8869\hotspot\src\share\vm\prims
Event: 0.277 Thread 0x0000000002260800 Exception <a 'java/security/PrivilegedActionException'> (0x000000076af84f20) thrown at [C:\re\workspace\8-2-build-windows-amd64-cygwin\jdk8u131\8869\hotspot\src\share\vm\prims\jvm.cpp, line 1390]
Event: 0.277 Thread 0x0000000002260800 Exception <a 'java/security/PrivilegedActionException'> (0x000000076af85130) thrown at [C:\re\workspace\8-2-build-windows-amd64-cygwin\jdk8u131\8869\hotspot\src\share\vm\prims\jvm.cpp, line 1390]
Event: 0.295 Thread 0x0000000002260800 Exception <a 'java/security/PrivilegedActionException'> (0x000000076af88da0) thrown at [C:\re\workspace\8-2-build-windows-amd64-cygwin\jdk8u131\8869\hotspot\src\share\vm\prims\jvm.cpp, line 1390]
Event: 0.295 Thread 0x0000000002260800 Exception <a 'java/security/PrivilegedActionException'> (0x000000076af88fb0) thrown at [C:\re\workspace\8-2-build-windows-amd64-cygwin\jdk8u131\8869\hotspot\src\share\vm\prims\jvm.cpp, line 1390]
Event: 0.307 Thread 0x0000000002260800 Exception <a 'java/io/FileNotFoundException'> (0x000000076af8b578) thrown at [C:\re\workspace\8-2-build-windows-amd64-cygwin\jdk8u131\8869\hotspot\src\share\vm\prims\jni.cpp, line 709]
Event: 0.374 Thread 0x0000000002260800 Exception <a 'java/lang/NoSuchFieldError': method resolution failed> (0x000000076b1a0470) thrown at [C:\re\workspace\8-2-build-windows-amd64-cygwin\jdk8u131\8869\hotspot\src\share\vm\prims\methodHandles.cpp, line 1146]
Event: 0.378 Thread 0x0000000002260800 Exception <a 'java/lang/NoSuchFieldError': method resolution failed> (0x000000076b1ad840) thrown at [C:\re\workspace\8-2-build-windows-amd64-cygwin\jdk8u131\8869\hotspot\src\share\vm\prims\methodHandles.cpp, line 1146]
Event: 0.582 Thread 0x0000000002260800 Implicit null exception at 0x00000000024e06e6 to 0x00000000024e08cd
Event: 0.599 Thread 0x0000000002260800 Exception <a 'java/io/FileNotFoundException'> (0x000000076b290208) thrown at [C:\re\workspace\8-2-build-windows-amd64-cygwin\jdk8u131\8869\hotspot\src\share\vm\prims\jni.cpp, line 709]

Events (10 events):
Event: 1.287 loading class sun/java2d/pipe/RenderQueue done
Event: 1.287 loading class sun/java2d/d3d/D3DRenderQueue done
Event: 1.287 loading class sun/java2d/pipe/RenderBuffer
Event: 1.287 loading class sun/java2d/pipe/RenderBuffer done
Event: 1.287 loading class sun/java2d/d3d/D3DRenderQueue$1
Event: 1.287 loading class sun/java2d/d3d/D3DRenderQueue$1 done
Event: 1.288 loading class sun/java2d/d3d/D3DGraphicsDevice$1Result
Event: 1.288 loading class sun/java2d/d3d/D3DGraphicsDevice$1Result done
Event: 1.288 loading class sun/java2d/d3d/D3DGraphicsDevice$1
Event: 1.288 loading class sun/java2d/d3d/D3DGraphicsDevice$1 done


Dynamic libraries:
0x00007ff6c7060000 - 0x00007ff6c7097000 	C:\Program Files\Java\jre1.8.0_131\bin\javaw.exe
0x00007ffe45120000 - 0x00007ffe452fb000 	C:\WINDOWS\SYSTEM32\ntdll.dll
0x00007ffe42980000 - 0x00007ffe42a2e000 	C:\WINDOWS\System32\KERNEL32.DLL
0x00007ffe41720000 - 0x00007ffe41969000 	C:\WINDOWS\System32\KERNELBASE.dll
0x00007ffe42680000 - 0x00007ffe42721000 	C:\WINDOWS\System32\ADVAPI32.dll
0x00007ffe43110000 - 0x00007ffe431ad000 	C:\WINDOWS\System32\msvcrt.dll
0x00007ffe44d60000 - 0x00007ffe44db9000 	C:\WINDOWS\System32\sechost.dll
0x00007ffe44c00000 - 0x00007ffe44d25000 	C:\WINDOWS\System32\RPCRT4.dll
0x00007ffe44f50000 - 0x00007ffe4509a000 	C:\WINDOWS\System32\USER32.dll
0x00007ffe41690000 - 0x00007ffe416ae000 	C:\WINDOWS\System32\win32u.dll
0x00007ffe430e0000 - 0x00007ffe43107000 	C:\WINDOWS\System32\GDI32.dll
0x00007ffe42270000 - 0x00007ffe423f9000 	C:\WINDOWS\System32\gdi32full.dll
0x00007ffe42170000 - 0x00007ffe4220a000 	C:\WINDOWS\System32\msvcp_win.dll
0x00007ffe42070000 - 0x00007ffe42166000 	C:\WINDOWS\System32\ucrtbase.dll
0x00007ffe2cb90000 - 0x00007ffe2cdf7000 	C:\WINDOWS\WinSxS\amd64_microsoft.windows.common-controls_6595b64144ccf1df_6.0.15063.0_none_108e4f62dfe5d999\COMCTL32.dll
0x00007ffe42bd0000 - 0x00007ffe42ec9000 	C:\WINDOWS\System32\combase.dll
0x00007ffe416b0000 - 0x00007ffe4171a000 	C:\WINDOWS\System32\bcryptPrimitives.dll
0x00007ffe44d30000 - 0x00007ffe44d5d000 	C:\WINDOWS\System32\IMM32.DLL
0x0000000067a00000 - 0x0000000067ad2000 	C:\Program Files\Java\jre1.8.0_131\bin\msvcr100.dll
0x0000000067bb0000 - 0x000000006844c000 	C:\Program Files\Java\jre1.8.0_131\bin\server\jvm.dll
0x00007ffe42bc0000 - 0x00007ffe42bc8000 	C:\WINDOWS\System32\PSAPI.DLL
0x00007ffe29bf0000 - 0x00007ffe29bf9000 	C:\WINDOWS\SYSTEM32\WSOCK32.dll
0x00007ffe450a0000 - 0x00007ffe4510c000 	C:\WINDOWS\System32\WS2_32.dll
0x00007ffe3d890000 - 0x00007ffe3d8b3000 	C:\WINDOWS\SYSTEM32\WINMM.dll
0x00007ffe3d880000 - 0x00007ffe3d88a000 	C:\WINDOWS\SYSTEM32\VERSION.dll
0x00007ffe3d850000 - 0x00007ffe3d87b000 	C:\WINDOWS\SYSTEM32\WINMMBASE.dll
0x00007ffe41640000 - 0x00007ffe41689000 	C:\WINDOWS\System32\cfgmgr32.dll
0x0000000067ba0000 - 0x0000000067baf000 	C:\Program Files\Java\jre1.8.0_131\bin\verify.dll
0x0000000067b70000 - 0x0000000067b99000 	C:\Program Files\Java\jre1.8.0_131\bin\java.dll
0x0000000067b50000 - 0x0000000067b66000 	C:\Program Files\Java\jre1.8.0_131\bin\zip.dll
0x00007ffe43760000 - 0x00007ffe44b97000 	C:\WINDOWS\System32\SHELL32.dll
0x00007ffe428d0000 - 0x00007ffe4297a000 	C:\WINDOWS\System32\shcore.dll
0x00007ffe41970000 - 0x00007ffe42062000 	C:\WINDOWS\System32\windows.storage.dll
0x00007ffe42a90000 - 0x00007ffe42ae1000 	C:\WINDOWS\System32\shlwapi.dll
0x00007ffe41600000 - 0x00007ffe41611000 	C:\WINDOWS\System32\kernel.appcore.dll
0x00007ffe415b0000 - 0x00007ffe415fc000 	C:\WINDOWS\System32\powrprof.dll
0x00007ffe41590000 - 0x00007ffe415a5000 	C:\WINDOWS\System32\profapi.dll
0x0000000067860000 - 0x00000000679f8000 	C:\Program Files\Java\jre1.8.0_131\bin\awt.dll
0x00007ffe42af0000 - 0x00007ffe42baf000 	C:\WINDOWS\System32\OLEAUT32.dll
0x00007ffe3fd40000 - 0x00007ffe3fdbe000 	C:\WINDOWS\SYSTEM32\apphelp.dll
0x00007ffe40060000 - 0x00007ffe400f5000 	C:\WINDOWS\system32\uxtheme.dll
0x00007ffe435f0000 - 0x00007ffe43756000 	C:\WINDOWS\System32\MSCTF.dll
0x0000000180000000 - 0x0000000180037000 	C:\Program Files (x86)\RivaTuner Statistics Server\RTSSHooks64.dll
0x0000000069930000 - 0x00000000699d3000 	C:\WINDOWS\WinSxS\amd64_microsoft.vc90.crt_1fc8b3b9a1e18e3b_9.0.30729.9279_none_08e667efa83ba076\MSVCR90.dll
0x00007ffe3e920000 - 0x00007ffe3e94a000 	C:\WINDOWS\system32\dwmapi.dll
0x00007ffe42f90000 - 0x00007ffe430d4000 	C:\WINDOWS\System32\ole32.dll
0x00007ffe41050000 - 0x00007ffe41067000 	C:\WINDOWS\SYSTEM32\CRYPTSP.dll
0x00007ffe40ac0000 - 0x00007ffe40af4000 	C:\WINDOWS\system32\rsaenh.dll
0x00007ffe41150000 - 0x00007ffe41175000 	C:\WINDOWS\SYSTEM32\bcrypt.dll
0x00007ffe414c0000 - 0x00007ffe414e9000 	C:\WINDOWS\SYSTEM32\USERENV.dll
0x00007ffe41040000 - 0x00007ffe4104b000 	C:\WINDOWS\SYSTEM32\CRYPTBASE.dll
0x0000000067b30000 - 0x0000000067b4a000 	C:\Program Files\Java\jre1.8.0_131\bin\net.dll
0x00007ffe40ea0000 - 0x00007ffe40efc000 	C:\WINDOWS\system32\mswsock.dll
0x00007ffe40c40000 - 0x00007ffe40c77000 	C:\WINDOWS\SYSTEM32\IPHLPAPI.DLL
0x00007ffe42bb0000 - 0x00007ffe42bb8000 	C:\WINDOWS\System32\NSI.dll
0x00007ffe392e0000 - 0x00007ffe392f6000 	C:\WINDOWS\SYSTEM32\dhcpcsvc6.DLL
0x00007ffe392c0000 - 0x00007ffe392da000 	C:\WINDOWS\SYSTEM32\dhcpcsvc.DLL
0x0000000067b10000 - 0x0000000067b21000 	C:\Program Files\Java\jre1.8.0_131\bin\nio.dll
0x0000000067820000 - 0x0000000067851000 	C:\Program Files\Java\jre1.8.0_131\bin\jpeg.dll
0x00000000677d0000 - 0x0000000067817000 	C:\Program Files\Java\jre1.8.0_131\bin\fontmanager.dll
0x00007ffe1b530000 - 0x00007ffe1b651000 	C:\WINDOWS\system32\opengl32.dll
0x00007ffe1f930000 - 0x00007ffe1f95c000 	C:\WINDOWS\SYSTEM32\GLU32.dll
0x00007ffe117d0000 - 0x00007ffe11959000 	C:\WINDOWS\system32\d3d9.dll
0x00007ffe3d8c0000 - 0x00007ffe3da55000 	C:\WINDOWS\System32\DriverStore\FileRepository\c0313248.inf_amd64_aad49543f8f714a1\aticfx64.dll
0x00007ffe3c430000 - 0x00007ffe3c462000 	C:\WINDOWS\System32\DriverStore\FileRepository\c0313248.inf_amd64_aad49543f8f714a1\atiu9p64.dll
0x00007ffe03750000 - 0x00007ffe04086000 	C:\WINDOWS\System32\DriverStore\FileRepository\c0313248.inf_amd64_aad49543f8f714a1\atiumd64.dll
0x0000000068450000 - 0x0000000069277000 	C:\WINDOWS\System32\DriverStore\FileRepository\c0313248.inf_amd64_aad49543f8f714a1\atiumd6a.dll
0x00007ffe3cc20000 - 0x00007ffe3cc45000 	C:\WINDOWS\SYSTEM32\amdihk64.dll
0x000000001dda0000 - 0x000000001dda6000 	C:\WINDOWS\SYSTEM32\detoured.dll
0x00007ffe27380000 - 0x00007ffe27402000 	C:\WINDOWS\System32\TextInputFramework.dll
0x00007ffe3f780000 - 0x00007ffe3f863000 	C:\WINDOWS\System32\CoreMessaging.dll
0x00007ffe3e390000 - 0x00007ffe3e662000 	C:\WINDOWS\System32\CoreUIComponents.dll
0x00007ffe3e230000 - 0x00007ffe3e369000 	C:\WINDOWS\SYSTEM32\wintypes.dll
0x00007ffe408f0000 - 0x00007ffe40921000 	C:\WINDOWS\SYSTEM32\ntmarta.dll
0x00007ffe3e370000 - 0x00007ffe3e385000 	C:\WINDOWS\SYSTEM32\usermgrcli.dll
0x00007ffe3c740000 - 0x00007ffe3c8e9000 	C:\WINDOWS\SYSTEM32\dbghelp.dll

VM Arguments:
jvm_args: -Dfile.encoding=Cp1252 
java_command: game.TowerDefense
java_class_path (initial): D:\workspace\Tower Defense\bin
Launcher Type: SUN_STANDARD

Environment Variables:
PATH=C:/Program Files/Java/jre1.8.0_131/bin/server;C:/Program Files/Java/jre1.8.0_131/bin;C:/Program Files/Java/jre1.8.0_131/lib/amd64;C:\Program Files (x86)\NVIDIA Corporation\PhysX\Common;C:\ProgramData\Oracle\Java\javapath;C:\WINDOWS\system32;C:\WINDOWS;C:\WINDOWS\System32\Wbem;C:\WINDOWS\System32\WindowsPowerShell\v1.0\;C:\Program Files\MATLAB\R2017a\runtime\win64;C:\Program Files\MATLAB\R2017a\bin;C:\Program Files (x86)\Windows Kits\10\Windows Performance Toolkit\;C:\Program Files\Microsoft SQL Server\Client SDK\ODBC\110\Tools\Binn\;C:\Program Files (x86)\Microsoft SQL Server\120\Tools\Binn\;C:\Program Files\Microsoft SQL Server\120\Tools\Binn\;C:\Program Files\Microsoft SQL Server\120\DTS\Binn\;C:\Program Files (x86)\Windows Kits\8.1\Windows Performance Toolkit\;C:\Users\BENNY FKIN RAY\AppData\Local\Microsoft\WindowsApps;;C:\Program Files (x86)\eclipse;
USERNAME=BENNY FKIN RAY
OS=Windows_NT
PROCESSOR_IDENTIFIER=Intel64 Family 6 Model 60 Stepping 3, GenuineIntel



---------------  S Y S T E M  ---------------

OS: Windows 10.0 , 64 bit Build 15063 (10.0.15063.0)

CPU:total 4 (initial active 4) (4 cores per cpu, 1 threads per core) family 6 model 60 stepping 3, cmov, cx8, fxsr, mmx, sse, sse2, sse3, ssse3, sse4.1, sse4.2, popcnt, avx, avx2, aes, clmul, erms, lzcnt, tsc, tscinvbit, bmi1, bmi2

Memory: 4k page, physical 16723628k(11093464k free), swap 19738284k(12741396k free)

vm_info: Java HotSpot(TM) 64-Bit Server VM (25.131-b11) for windows-amd64 JRE (1.8.0_131-b11), built on Mar 15 2017 01:23:53 by "java_re" with MS VC++ 10.0 (VS2010)

time: Fri Apr 21 21:07:30 2017
elapsed time: 1 seconds (0d 0h 0m 1s)

